<?xml version="1.0" encoding="UTF-8"?>
<!-- Generated by org.testng.reporters.JUnitXMLReporter -->
<testsuite ignored="0" hostname="DESKTOP-D5NGQE7" failures="0" tests="4" name="Default test" time="11.812" errors="0" timestamp="2024-10-18T13:01:31 IST">
  <testcase classname="com.practice.TestNgPractice" name="linkObject" time="2.147"/>
  <testcase classname="com.practice.TestNgPractice" name="sampleformObjects" time="0.483"/>
  <testcase classname="com.practice.TestNgPractice" name="dropdownMethod" time="4.881"/>
  <testcase classname="com.practice.TestNgPractice" name="radioButtons" time="0.121"/>
</testsuite> <!-- Default test -->
